  源.cpp
E:\编辑作业\Project1\Project1\源.cpp(6,11): warning C4476: "scanf_s": 格式说明符中的类型字段字符“ ”未知
E:\编辑作业\Project1\Project1\源.cpp(6,27): warning C4474: scanf_s: 格式字符串中传递的参数太多
      E:\编辑作业\Project1\Project1\源.cpp(6,27):
      占位符和其参数预计 0 可变参数，但提供的却是 3 参数
  
E:\编辑作业\Project1\Project1\源.cpp(24,10): warning C4473: “printf”: 没有为格式字符串传递足够的参数
      E:\编辑作业\Project1\Project1\源.cpp(24,10):
      占位符和其参数预计 1 可变参数，但提供的却是 0 参数
      E:\编辑作业\Project1\Project1\源.cpp(24,10):
      缺失的可变参数 1 为格式字符串“%d”所需
  
E:\编辑作业\Project1\Project1\源.cpp(26,10): warning C4473: “printf”: 没有为格式字符串传递足够的参数
      E:\编辑作业\Project1\Project1\源.cpp(26,10):
      占位符和其参数预计 1 可变参数，但提供的却是 0 参数
      E:\编辑作业\Project1\Project1\源.cpp(26,10):
      缺失的可变参数 1 为格式字符串“%d”所需
  
E:\编辑作业\Project1\Project1\源.cpp(28,10): warning C4473: “printf”: 没有为格式字符串传递足够的参数
      E:\编辑作业\Project1\Project1\源.cpp(28,10):
      占位符和其参数预计 1 可变参数，但提供的却是 0 参数
      E:\编辑作业\Project1\Project1\源.cpp(28,10):
      缺失的可变参数 1 为格式字符串“%d”所需
  
  Project1.vcxproj -> E:\编辑作业\Project1\x64\Debug\Project1.exe
